2025-03-27T12:19:00+07:00 | INFO  | repo=ffmpeg.wasm | pid=9956 | action=push
2025-10-01T18:55:00+07:00 | ERROR | repo=ffmpeg.wasm | pid=9956 | action=push
2025-06-08T11:12:00+07:00 | WARN  | repo=ffmpeg.wasm | pid=9956 | action=push
2025-12-20T18:58:00+07:00 | INFO  | repo=ffmpeg.wasm | pid=9956 | action=edit | files=2
2025-10-20T12:07:00+07:00 | ERROR | repo=ffmpeg.wasm | pid=9956 | action=push
2025-10-22T08:36:00+07:00 | INFO  | repo=ffmpeg.wasm | pid=9956 | action=push
2025-01-08T11:42:00+07:00 | DEBUG | repo=ffmpeg.wasm | pid=9956 | action=edit | files=4
2025-10-19T11:54:00+07:00 | INFO  | repo=ffmpeg.wasm | pid=9956 | action=push
2025-07-20T09:30:00+07:00 | INFO  | repo=ffmpeg.wasm | pid=9956 | action=push
2025-12-09T13:43:00+07:00 | INFO  | repo=ffmpeg.wasm | pid=9956 | action=push
2025-11-15T16:22:00+07:00 | INFO  | repo=ffmpeg.wasm | pid=9956 | action=push
2025-03-23T11:43:00+07:00 | DEBUG | repo=ffmpeg.wasm | pid=9956 | action=commit
2025-08-14 09:19:00 | INFO | repo=ffmpeg.wasm | action=pull
2025-12-24 15:10:00 | DEBUG | repo=ffmpeg.wasm | action=commit
2025-03-26 17:17:00 | INFO | repo=ffmpeg.wasm | action=commit
2025-10-24 08:21:00 | INFO | repo=ffmpeg.wasm | action=commit
2025-04-11 15:25:00 | WARN | repo=ffmpeg.wasm | action=commit
2025-11-17 13:25:00 | INFO | repo=ffmpeg.wasm | action=commit
2025-06-28 08:30:00 | WARN | repo=ffmpeg.wasm | action=commit
2025-11-14 08:38:00 | WARN | repo=ffmpeg.wasm | action=commit
2025-09-20 19:34:00 | DEBUG | repo=ffmpeg.wasm | action=commit
2025-08-26 10:11:00 | DEBUG | repo=ffmpeg.wasm | action=commit
2025-07-21 21:51:00 | INFO | repo=ffmpeg.wasm | action=commit
